nohup: ignoring input
🤖 Starting WhatsApp Bot...
📱 Scan the QR code below with WhatsApp

⚠️ The printQRInTerminal option has been deprecated. You will no longer receive QR codes in the terminal automatically. Please listen to the connection.update event yourself and handle the QR your way. You can remove this message by removing this opttion. This message will be removed in a future version.
▄▄▄▄▄▄▄▄▄▄▄▄▄▄▄▄▄▄▄▄▄▄▄▄▄▄▄▄▄▄▄▄▄▄▄▄▄▄▄▄▄▄▄▄▄▄▄▄▄▄▄▄▄▄▄▄▄▄▄
█ ▄▄▄▄▄ █▀▀█▄█▀ ██▄█ ▀▀█   █▄▄▀▄█▄▀█▀ ▄██▄ ▄█ ▄▄ ██ ▄▄▄▄▄ █
█ █   █ █▀ █▄▀ ▄█▄▀ ██▄█▀ ▀█▄▄▄█ ▄▄▀ ▀▀▀▄▄▀ ▀▄ ▄ ██ █   █ █
█ █▄▄▄█ █▀█▀█ ▄▄▄█ ▀▄ █▀▀ █ ▄▄▄ ██▀▀▄  █▀▄▄ ██▀▀▄██ █▄▄▄█ █
█▄▄▄▄▄▄▄█▄▀ ▀▄▀▄▀▄▀▄▀ █ █ █ █▄█ ▀▄█ ▀▄█▄█ ▀ ▀▄▀ ▀▄█▄▄▄▄▄▄▄█
█▄   ▄█▄▄▄▄█▄  ▀██▄▄ ▄▀▀▀  ▄▄ ▄ ▀█▀█▀▄▀██▀▀▀ ▀▄█▄▀ █ ▀▄▀ ██
█▀█ █▀█▄▄█▀▀▀█▄ █ ▀ ▀▀▀ ▀████▀ ██▀ █▄ ▀▀▄▀ ▀ ▀ ▄▀▀ █▀▄▀▀ ██
██▀██▀▀▄▀▀  ▄▀▄▄▄▄▀ ▀▄▀▄ ▀▄ ▄▀▀█ ▀██ ▄ █ ▀▀▀ ▀▀█▄▀██▀██ █ █
█ ▄ ▄▄▄▄▄█ █▀▄▀▀█▄ ▄▄▀▀▀▀▀ █▀██   ▀▄█ █▀▄█▀ ▄█ ▄ ▄█ ▀▀ ▀███
██▄  ▄ ▄ █▀█▀▄▄▀▄█  ▀█▀▀ ▀██▀  ▀▄▀▀█▄▄▄▄▀█▀▀ ▀█▄▀▀█▄██▀▄▀▄█
██▄▀█ ▀▄ ▄▀   ▀█▀▀█▄ ▄▀█ ▄▄▄█ ▄▀ ▀▀ ▀  ▄▄ ▄▄ ▀█  ▀▄ ▀▀ ▀▄██
█▄█ █▄▀▄▄ █▄██▀█▄▀█▄▄█▀▀▀▄  ▀▀ ▀▄▀▄█▄  █▄██ ▀▀▄█▄▀ ▄██▄█▀▀█
███ █▀ ▄▀█▄▀  █▀▄ ▄█▄██▀▀█▀ ▄ ▀▀███ ▄▄ █▄▄▄█▀▀█▄█  █ ▀▀ ▀██
█▀▀  █▄▄█▄   █▄ ▄█▀▄█▄▀█▀▀▀█▄▀█ ▄ ▄ ▄ ▀▄▀▀▀▀▀▀▄▄▄▀▀█▀█▄▀▄ █
██  ▀ ▄▄▄ ▄██▄ ▄▄ ▄█ ▀▄█ ▄▄ ▄▄▄ ▄  ██ ▄▀  ▀▀   ▀▄ ▄▄▄ ▀ ▄██
█▀ ██ █▄█ ▀▄█ █ ▀▄▄▀▄▄▄█  ▀ █▄█ ▀██▄ ▄▀▄▀▀█▀▄██▄▀ █▄█ █▄  █
█ ▀  ▄ ▄ ▄▄▀▄ ▄█▄▄▀ █ ▄▀ █▄▄▄  ▄▀▀▄ ▀▀ █▄▀▄█▄▀█▄▀▄   ▄ ▀ ██
█▄▀▄  ▀▄  █ ▀█▀▀▄█ ▄▀▄▀█▀ ▄ ██▀ ▄▀▀█▄  ▄▀█   ▀ █▀▄▀ █▄▄▄  █
█ ▀▀ ▄█▄▄▀▀██ ▀▀▀█ █▀▄ ▀ █▄ ▄▄▀ ██ ▄█▀▀██▀▀  ▀█▄ ▀▀▀█▀  ▀██
█  ██  ▄  ██▄▄▄ ▀█ ▄▀▀██▄ ▄█▀█▄▄ █▄█▄▄▄█▄█ ▀██▀▄▀▄▄▀▄▄▀▀▄ █
█▄▄▀█  ▄ █▄█▄▄ ▄▀█▀▀▀ ▄█▄ ▄ ▀█▄ ▀▄ ▄▀▄ ▄▄▀▀▀▄▀▀▄▀▀ █▀█ ▀▄▄█
█▀▄██▀▄▄▄▄▄█ ▄██▄▄▄ ▄▄▀▀▀ █▀▄▄█▀▀█▀██ ▀▄▀▀  ▄███▀▀▀█▄█▄ █▀█
█ █ ▀▀ ▄▄▀▀█▄█ █▀ ▀ █▀▀ ███▀ █▄ █▀██▄▄█▀█▀▀▀█ ▄▄▀▄▀▀▄█▀▀▄██
███▀▄ ▀▄ ▄█▄ ▀  █▄▀ ▀▄▀▄▀▀▄▀▄▄ ▄ █▄▄▄  █ ▀█▀▄▀█▄█  ▀█▄███▄█
█ ▀ ▀▀▄▄█▀▄▄▀  ▄ ▀█▀ █ ▄▄ █▄▄▀▀▄▄██ ▄▀█▄▀█ █▀  ▄ ▄ ██▀▀▀ ▀█
███████▄▄ ▀▀▄█ ▄▀▄▄  ▄▄▀▀▀▄ ▄▄▄ ▄█ █  ▄█▀██ ▀███▀ ▄▄▄ ▀ ▄██
█ ▄▄▄▄▄ █▄▄  █ ▀▄▀█▀██    █ █▄█ ▀▄▀▄▀█▄    ▀   ▄█ █▄█ ▄  ▀█
█ █   █ █ ▄█▄ ▀ ▄▀  ▄█▄▀▀▄▄ ▄▄ ▄▄█▄▄▀ ▀███▀▀▀▀▄▄ ▄ ▄ ▄▄█▄██
█ █▄▄▄█ █ █▀▄█▀▀▄  █▄█  ▀██ ██▀██▄█▀▄██  █ ▄▀ █▄  ██▀██▀███
█▄▄▄▄▄▄▄█▄██▄██▄▄▄█▄▄▄▄██▄▄██▄█▄▄▄▄▄▄▄▄███▄█▄█▄███▄▄▄▄▄█▄██

▄▄▄▄▄▄▄▄▄▄▄▄▄▄▄▄▄▄▄▄▄▄▄▄▄▄▄▄▄▄▄▄▄▄▄▄▄▄▄▄▄▄▄▄▄▄▄▄▄▄▄▄▄▄▄▄▄▄▄
█ ▄▄▄▄▄ █▀▀█▄█▀ █▀▄█ █ █ ▄ █▄▄▀▄█▄▄▀ ▀▀▀▀   ▄ ▄▄ ██ ▄▄▄▄▄ █
█ █   █ █▀ █ ▀ ▄██▀ █▄▄█  ▀█▄▄▄█▀█▄▀ ▀▀▀▄▄▀ ▀▄ ▄ ██ █   █ █
█ █▄▄▄█ █▀▀▀▄▄▄▄▄█ ▀▄ █▀▀ █ ▄▄▄ █▀▀▀█  ██▀▄ ▀▄▀▀▄██ █▄▄▄█ █
█▄▄▄▄▄▄▄█▄▀ ▀ ▀▄▀▄▀▄▀ █ █ █ █▄█ ▀▄█ ▀▄█▄█ ▀ ▀▄▀ ▀▄█▄▄▄▄▄▄▄█
█▄   ▄█▄ ▄██▄▄ ▀██▄▄ ▄▀▀▀  ▄▄ ▄ ▀█▀█▀▄▀██▀▀▀ ▀▄█▀  █▄█▄▀ ██
█▀█ █▀█▄ ▄▄▀▀▄▄ █ ▀ ▀▀▀ ▀█▀█▀▀ ██▀▄█▄ █▀▄▀▄█ ▀ ▄▄▀▀█  ▀▀ ██
██▀█▄▀▀▄█▄██▄▀▄▄▄▄▀ ▀▄▀▄ ▀▄▀▀▀▀█ ▀██ ▄▀▄ ▀   ▀█▄  ██ █▀ █ █
█▄█▄█▄▄▄▄▄ █▀▄▀▀█▄██▄▀  ▀▀ █ ██    ██ ▄  ██▄▄▀██▀██    ▀███
██ ▄▄▄ ▄ █▀█▀▄▄▀▄█▄  ▄▀▀▄▀██▀  ▀▄▀ █  ▀█▀▀▀▀▄█▄▄▀▀█▄██▀▄█▄█
█▄ ██ █▄ ▄▀   ▀█  █▄▄▀▀█▀ ▄▄█ █▀▄▀▀ ▀█▀▄ ▄▄█▀█▄▀ ▀▄ ▀▀ ▀ ▀█
██▀ █▄▄▄▄ █▄▄▀▀█▄▀█▄▄█▀▀▀▄  ▀▀ ▀▄▀▄█▄▄ █▀██  █▄█▄▀ ▄██▄█▀▀█
███ ██▀▄▀▀ ▀▀▀▀ ▄ ▄█▄██▀▀█▀ ▄ ▀▀███ ▄█ █▄▄▄█▀ █▄█ ▀▄ █▀ ▀██
█▀▀  ▀ ▄▀▀▀▀█ ▄ ▄█▀▄█▄▀█▀▀█▀▄▀█ ▄ ▄ ▄ ▀▄▀▀▀▀▀▀▄▄▀  ▄██▄▀▄ █
██  ▀ ▄▄▄ ▄█ ▀ ▀▄ ▄█ ▀▄█ ▄▄ ▄▄▄ ▄  ██ ▄▀  ██   █▀ ▄▄▄ ▀ ▄██
█▀  ▄ █▄█ ▄▀█ ▄▄▀▄▄▀▄▄▄█  ▀ █▄█ ▀██▄ ▄▀█▀▀▀ ▄████ █▄█ ██  █
███  ▄ ▄▄ ▄▀▄ ▄█▄▄ ██ ▄  █▄ ▄  ▄▀▀▄▀▀███ ▀▀  ▀▀ █▄▄ ▄▄ ▀ ██
█  █  ▀▄█▀█ ▀█▀▀█▄▄▄ █▀█▄▀▄ ██▀ ▄▀▀█▀ ▀▄██▄▀▄▀█▄▀▀▀ ▄███ ▄█
██▀▀▀▄█▄▄▄▀██ ▀▀   █▄▀ ▀▄▀▄ ██▀ ██ ▄█▄▀▄▄█▀▀ ▀█▄▀▀▀▀█▄  ▄██
█▀███  ▄  ██ ▄▄ ▀█ ▄▀▀██▄ ▄█▀█▄▀▄█▄█ ▄▄██▀ ▀ █▀▄▀▄▄▀▄▄▀▀█▀█
█▄▄▀█  ▄ █▄ ▀▄  ▀█▀▀▀ ▄█▄ ▄ ▀█ ▄▀▄ ▄▀█ ▄▄▀▀▀█▀▀▄▀▀ █▀█ ▀▄▄█
█▀▄██▀▀▄▄▄▀██▄▀█▄▄▄ ▄▄▀▀▀ █▀▄▄█▀▀█▀██ ▀▄▀▀  ▄███▀▀▀▄▄█▄ █▀█
█ █ ▀▄▄▄▄▀  ▀ █▄▀ ▀ █▀▀ ███▀ █▄ █▀▀█▄▄█▀█▀▀▀█ ▄▄█▄ ▀▄█ ▀▄██
███▀██ ▄█ ▀  ▀█▀█▄▀ ▀▄▀▄▀▀▄▀▄▄ ▄ █▄▄▄ ▀▄ ▀▀ ▄▀▄▄█▀▄▄▀▄▀██▄█
█ ▀ ▀▀▄▄▀ ▄▄▀  ▄ ▀▀▄ █▀█▄ █ ▄▀▀▄▄██▀ ██████▄█▄  ▀▄▀▀ ▀ ▀ ▀█
███████▄█▀▀▀▄█ ▄▄█▄  █▀█▀▀▄ ▄▄▄ ▄█ █▀  ▄▀▀ ▀ ▀▄▄▀ ▄▄▄    ▀█
█ ▄▄▄▄▄ █▄▄  █ ▀█▄█▀▀█  █▀█ █▄█ █▄▀▄▄▄▄ ▄  ▀ ▀ ▄  █▄█ ▄  ▀█
█ █   █ █ ▄█▄▀▀ ▄▀  ▄█▄▀▀▄▄ ▄  ▄▄█▄▄▄ ▀█▀▀▀▀▄▀▄▄▀▄ ▄▄ ▄█▄▄█
█ █▄▄▄█ █ █▀█ █▄▄  █▄█  ▀██ ▀█▀█▄██▀███ ▀█ ▄  █▄  ██ ██▀███
█▄▄▄▄▄▄▄█▄▄██▄██▄▄█▄▄▄▄██▄▄█▄▄█▄▄▄▄▄▄▄▄███▄█▄█▄███▄▄█▄▄█▄██

▄▄▄▄▄▄▄▄▄▄▄▄▄▄▄▄▄▄▄▄▄▄▄▄▄▄▄▄▄▄▄▄▄▄▄▄▄▄▄▄▄▄▄▄▄▄▄▄▄▄▄▄▄▄▄▄▄▄▄
█ ▄▄▄▄▄ █▀▀█▄█▀▀█▀█▄ █ ▄ ▄ █▄▄▀▄█▄████▀▀▄█  █▀▄▄ ██ ▄▄▄▄▄ █
█ █   █ █▀ █ ▀ ▄██▀ ██▄█▀▀▀█▄▄▄█▀▄▄▀  ▀▀ ▄▀ ▄▄ ▄ ██ █   █ █
█ █▄▄▄█ █▀▀█  ▄▄▄█ ▀▄ █▀▀ █ ▄▄▄ ▀▄▀▀▄▄ ██▄▄  █▀▀▄██ █▄▄▄█ █
█▄▄▄▄▄▄▄█▄▀▄▀▄▀▄▀▄▀▄▀ █ █ █ █▄█ ▀▄█ ▀▄█▄█ ▀ ▀▄▀ ▀▄█▄▄▄▄▄▄▄█
█▄   ▄█▄▄▄ █▀▀ ▀██▄▄ ▄▀▀▀   ▄ ▄ ▀█▀█▀▄▀██▀▀▀ ▀▄█   █ █▄▀ ██
█▀█ █▀█▄ █▀▀ ▀▄ █ ▀ ▀▀▀ ▀█▀█▀█ ██▀▄█▄ ▀▀▄▀▄█ ▀ ▄▄ ▀██▄▀▀ ██
██▀▄ ▀▀▄█ ▄▄▄▀▄▄▄▄▀ ▀▄▀▄ ▀▄ █▀▀█ ▀█▄ ▄▄▄ ▀█  ▀▄▄▀▀███▀▀ █ █
█▀▄█▄▄▄▄▄█ █▀▄▀▀█▄██▄▀█▄▀▀ █▀█▀   ██▀▄▄▄▄▀ ▀▄▀█▄▀▀█ ▀▀▄▀███
██▄▀ ▄ ▄ █▀█▀▄▄▀█▄▄▄▀▄█▀▀ ██▀ ▀ ▄▀▀█▄▄ ▄ ▀▀▀ ▀██▀▀█▄██ █▀▄█
██▄▄▄▄▀▄ ▄▀   ▀█▄██▄██▀█▀█▄▄█ █  █▀ ▀▀▀█▄▀█▄ ▀▄  ▀▄▄▀▀ ▀▄██
█ ▄ █▀█▄▄ █▄▄█▀█▄▀█▄▄█▀▀▀▄  ▀▀ ▀▄▀▄█▄  █ ██ ▄█▄█▄▀▄███▄█▀ █
███ █▀▀▄██▀▄█▄  ▄ ▄█▄██▀▀█▀ ▄ ▀▀▄██ ▄▄ ███▄█ ▀█▄█ ▄▄ ▀▀ ▀██
█▀▀   ▀▄██ ▀ ▀▄▄▄█▀▄█▄▀█▀▀█▀▄▀█ ▄ ▄ ▄ ▀▄▀▀▀▀▀▀▄▄▄▀ ▄██▄▀▄ █
██  ▀ ▄▄▄ ▀ ▄▀▄ ▄ ▄█ ▀▄█ ▄▄ ▄▄▄ ▄  ██ ▄█  ▀▀  ▄█▀ ▄▄▄ ▀ ▄██
█▀ ▀▄ █▄█ █▄█  █▀▄▄▀▄▄▄█  █ █▄█ ▀█ █ ▄ █▀▀█▀▄█▄▄  █▄█ ▀   █
█ ▀▀▄ ▄▄▄ ▄▀▄ ▄█▄▄▀██  ▀ █▄▄▄  ▄▀▀█ █▀█▄ █▄█ ▀█ ▀▄  ▄    ██
████  ▀▄▄▄█ ▀█▀▀█▄▄▄▄▄▀█▀ ▄ ▄█▀ ▄▀▀█▄▄█▄█▀ ▀ ▀▀█▀█▀ ▄▄█▄▄▄█
█▄▀▄ ▄█▄ ▀▀██ ▀▀ ▄ ██▀ ▀█▀▄ ▀█▀ ██ ▄ ▄ ▄▄  ▀▀██▄ ▀▀▀▄█  ▄▀█
██▄██  ▄  ██▄ ▄ ▀█ ▄▀▀██▄ ▄█▀█▀  ▀▄█ ▄▄█▄▀ ▀ █▀▄▀▄▄▀▄▄▀▀█▀█
█▄▄▀█  ▄ █▄▄   ▄▀█▀▀▀ ▄█▄ ▄ ▀█▄▄ █ ▄▀▄ ▄▄▀▀▀█ ▀▄▀▀ █▀█ ▀▄▄█
█▀▄██ ▀▄▄▄█ █  █▄▄▄ ▄▄▀▀▀ █▀▄▄█▀▀█▀██ ▀▄▀▀  ▄███▀▀ ▀▄█ ▄█▀█
█ █ ▀█▄▄▄▀▀▀▀██▀▀ ▀ █▀▀ ██▀▀ █▄ █▀▀█▄▄█▀█▀▀▀█   ▀▄▄▀▄█  ▄██
███▀ █▄▄▀▀▀▄ ▀▄ █▄▀ ▀▄▀▄▀▀▄ ▄▄ ▄ █▄█▄ ▀▄ ▀▀▀▄▀██▀██ ▄▄  █▄█
█ ▀ ▀▀▄▄▄█▄▄▀  ▄ ▀ ▀ █▄▄▄ ▄▀▄▀▀▄▄██  █▄█▀▀▄▀▀ ▀█▄▄▄▀▀  ▀ ▀█
███████▄█ ▀▀▄█ ▄█▄▄  ▄▀▀ ▀▄ ▄▄▄ ▄█ ██▄▀██▀█  ██▄█ ▄▄▄ ▀  ▀█
█ ▄▄▄▄▄ █▄▄  █ ▀▀ █▀ ▄  ▄▄█ █▄█ ▀ ▀▄▀▄█ █ ▀▀ █ ▄▀ █▄█ ▄ █▀█
█ █   █ █ ▄█▄▀▀ ▄▀  ▄█▄▀▀▄▄ ▄▄ ▄▀▀▄▄ ▄▀█▀▀▀▀▄█▄▄ ▄ ▄▄ ▄█▄██
█ █▄▄▄█ █ █▄▀  ▄▄  █▄█  ▀██ █▀▀████▀▄▄█  █ ▄▀▀█▄  ██▄██▀███
█▄▄▄▄▄▄▄█▄▄▄██▄▄▄▄█▄▄▄▄██▄▄█▄██▄▄▄▄▄▄▄▄███▄█▄█▄███▄▄▄█▄█▄██

▄▄▄▄▄▄▄▄▄▄▄▄▄▄▄▄▄▄▄▄▄▄▄▄▄▄▄▄▄▄▄▄▄▄▄▄▄▄▄▄▄▄▄▄▄▄▄▄▄▄▄▄▄▄▄▄▄▄▄
█ ▄▄▄▄▄ █▄██ ▀ █▀█▀  ▀▄█▄  ▀ ▄█ █ ██▄▄▀█▀▄  ▄▄ ▄ ██ ▄▄▄▄▄ █
█ █   █ █ ▀▄▄ ▀▄██▀▀█▄█▄   ███▄▄▄▄█  ▀ ▀▄▄▀▀ ▄▀▄ ██ █   █ █
█ █▄▄▄█ █▄▄█▀▄ █▀▀▀▄ ▀ █ █▀ ▄▄▄ ▄▄▄██▀▄▄▄▀███▀▄▀▄██ █▄▄▄█ █
█▄▄▄▄▄▄▄█▄█ █ ▀ █▄█ ▀▄▀ ▀▄█ █▄█ ▀ ▀ █ █ ▀ █▄▀ █ █ █▄▄▄▄▄▄▄█
█▄   ▀▀▄▀ ▀███▀▀▄▄▄█▀▄  ▀▀▀▄▄ ▄  █ ▄▀█ █▄ ▀ ▀▀█▄▀  █▀ ▄ ▀▄█
█▄▀▀ ██▄ █▄▄▀▄ ▀ ▄ ██ ▄▄  ▄█ █▀ ▀ █▀██▀▄▀██ ▄ █▄▄ ██▄█ ▄▄▄█
█▀▀█▄▀█▄ █▄█ █▄  ▄█▄▀ █▄▄██▄▀▀█▀ █ █▄ ▄▀▄▀▄█ █▀█▄▄█▀█▀█▄█▄█
█ █▄██▄▄▄█▀▄▀█ ▀▄█▄▀█▀█▄▀ ▀█▀▄▀█▀ ▀███▄▄▀ ▄██▀█▄▄▀▄     ▄██
█▄▄▀█ ▀▄▄▄▄▀ ▀  ▄ ▀██▄▄█▄▄▀▄▄▄▀▄  ▄▀█▀▄█ █▄▄ ▄▀  ▄▀█ ▀  █▀█
█     █▄  █ ▄▄▀▀▄ ▀  ████▀▄ ▀  █ ██ █ ▀▀ ▄ ▀▄█▀▀▄█  █▀▄█▄██
███ ▄▀█▄█ ▄█ █ ██ ████  ▀█▀     ▀▀█▄ ▀▀█  █▀▀▀█▄▄  ▄▄▄▄▄  █
█ ▀▀ █ ▄▀▄█▀▄▀█ ▀▄█  ▄ █  █▀▀▄ ▄▀▄ ▄▄ ▄▄ ▀█ ▄▀  ▄█▄███ ██▄█
██▀▄▄██▄█▄▄██▄ ▄ ██ █ ████▀▀ ▀▀▄▄▄   ▄▀ █▀██▀█ ▄▄█ ▀▀█ █▄▄█
█▄▀   ▄▄▄ ▄█ ▄  █▀▄▄▀▀█▄ █  ▄▄▄ █ ▀ █▀█▀▀▀█ ▀ █ ▄ ▄▄▄ ▀▀███
█▄▄▄  █▄█ █▄▄███▄ █▄ █▀▀▀██ █▄█ █▄▄ ▀▀▄█▄█▀█ ▄ ▀█ █▄█  ▀▄▀█
█  ▀ ▄▄▄ ▄ ▀ ▄▄▀ ▄▄ █▄▄▀▄▀▄▄  ▄ ▀█▀ ██▀ ▄█ █ ▀▀█▄ ▄ ▄▄ █ ▀█
███▄▀▀▀▄█ ▄▀▀▄ ▀█▄▄█ ██ ▀▀█ ▄▄▀▀█▀ ▄ ▀▀▄▄  ▀▀█▄███  ███▄█ █
█ ▄▄▄ ▄▄▀ ▄▀▄██ ██▀ █▄███  ▀█▀ █▀▄█   ▄█   ▄▀▄▀▀▀▄█  ▀▀█▄ █
█▀▄▀▀ ▄▄ ▄▀█▄▀▄▄██▄ ▀█▀█ ▄▄▀███▄▄▀ ██ ▄▀▀█▄█▄▀█▄█ ▄█ ▄██▄██
███▀▄▀ ▄▀██▀▀ ▀▀ ▄▀   █▄▄▀█  ▄▄▀ ▄▀█ █▀▄█▀▀ ▄▀ █▀ ▀█ ▄  █▄█
█▄ ▄ ▄ ▄ █ ▄▄▄█ ▀ ██ █▄█ █▀ ▀ ▄▄█▄▄▀▄███▄█▀█ ▄ ▀ ▄▀ ▀▀▀▀▀ █
█▄█▄█▄▄▄▄█▄▄▀▄  █ █▄███ ▀▀██▄█ ▄████  ▀▀▀▀███▄▄ ▀ ▄▀ ██▄▄▀█
█▄▄▀▀▀█▄ █▄█  ▀█▄█▀▀ ▄ █▀ ▄▀██ █▀█▄▄▄▀ ▄▀ ▄ █▀█▄█ █▄█▄▀█▄▄█
█ ▀ ▀▀▄▄█ ▀  █▄███▀ ▄▄ ▀██▀█▀█ ▀ ▄ █▀  ▀▄█▀▄█▀██ ▀ ▄  █▄▄ █
███████▄▄▀█▀ ▀  ▀▄█ ▀  ▀█▄▄ ▄▄▄ ▄▀▄█▄ ▀▀███▄▀▀ ▄█ ▄▄▄ ▄█▄██
█ ▄▄▄▄▄ ███▀ ▄▀▀▀██ █▀▀▀▀ ▄ █▄█ ▄▄ █▀██   ▀ ▀▀▀██ █▄█ ▄▀▀██
█ █   █ █▀▀▀▄▄█▀▀█▀█ ▄▀█ ▀   ▄    ▀ ▄▀█▄▄▀ ▄  ▀   ▄▄  █  ▄█
█ █▄▄▄█ █ ▄▀█ ▀▄  ▄▀▄▀▄ █▀█▄ ▀█▀█▀▀▀▀ █▄▄█▄  █▀▄▄▄█▀▀█▀██▀█
█▄▄▄▄▄▄▄█▄██▄█▄██████▄█▄█████████▄██▄███▄▄▄▄███▄█▄█▄▄▄▄▄███

